2019-12-11 14:59:48<xml><ToUserName><![CDATA[gh_7f7aecf49bfb]]></ToUserName>
<FromUserName><![CDATA[oPA8y0xy1BFImV_wuc7rIfrdWMP8]]></FromUserName>
<CreateTime>1576045980</CreateTime>
<MsgType><![CDATA[text]]></MsgType>
<Content><![CDATA[b]]></Content>
<MsgId>22563553189325795</MsgId>
</xml>2019-12-11 15:00:14<xml><ToUserName><![CDATA[gh_7f7aecf49bfb]]></ToUserName>
<FromUserName><![CDATA[oPA8y0xy1BFImV_wuc7rIfrdWMP8]]></FromUserName>
<CreateTime>1576045980</CreateTime>
<MsgType><![CDATA[text]]></MsgType>
<Content><![CDATA[b]]></Content>
<MsgId>22563553189325795</MsgId>
</xml>2019-12-11 15:03:06<xml><ToUserName><![CDATA[gh_7f7aecf49bfb]]></ToUserName>
<FromUserName><![CDATA[oPA8y0xy1BFImV_wuc7rIfrdWMP8]]></FromUserName>
<CreateTime>1576045980</CreateTime>
<MsgType><![CDATA[text]]></MsgType>
<Content><![CDATA[b]]></Content>
<MsgId>22563553189325795</MsgId>
</xml>2019-12-11 15:05:19<xml><ToUserName><![CDATA[gh_7f7aecf49bfb]]></ToUserName>
<FromUserName><![CDATA[oPA8y0xy1BFImV_wuc7rIfrdWMP8]]></FromUserName>
<CreateTime>1576045980</CreateTime>
<MsgType><![CDATA[text]]></MsgType>
<Content><![CDATA[b]]></Content>
<MsgId>22563553189325795</MsgId>
</xml>2019-12-11 15:06:27<xml><ToUserName><![CDATA[gh_7f7aecf49bfb]]></ToUserName>
<FromUserName><![CDATA[oPA8y0xy1BFImV_wuc7rIfrdWMP8]]></FromUserName>
<CreateTime>1576045980</CreateTime>
<MsgType><![CDATA[text]]></MsgType>
<Content><![CDATA[b]]></Content>
<MsgId>22563553189325795</MsgId>
</xml>2019-12-11 15:07:062019-12-11 15:08:152019-12-11 15:11:432019-12-11 15:12:02<xml><ToUserName><![CDATA[gh_7f7aecf49bfb]]></ToUserName>
<FromUserName><![CDATA[oPA8y0xy1BFImV_wuc7rIfrdWMP8]]></FromUserName>
<CreateTime>1576045980</CreateTime>
<MsgType><![CDATA[text]]></MsgType>
<Content><![CDATA[b]]></Content>
<MsgId>22563553189325795</MsgId>
</xml>2019-12-11 15:13:24<xml><ToUserName><![CDATA[gh_7f7aecf49bfb]]></ToUserName>
<FromUserName><![CDATA[oPA8y0xy1BFImV_wuc7rIfrdWMP8]]></FromUserName>
<CreateTime>1576045980</CreateTime>
<MsgType><![CDATA[text]]></MsgType>
<Content><![CDATA[b]]></Content>
<MsgId>22563553189325795</MsgId>
</xml>2019-12-11 15:13:40<xml><ToUserName><![CDATA[gh_7f7aecf49bfb]]></ToUserName>
<FromUserName><![CDATA[oPA8y0xy1BFImV_wuc7rIfrdWMP8]]></FromUserName>
<CreateTime>1576045980</CreateTime>
<MsgType><![CDATA[text]]></MsgType>
<Content><![CDATA[b]]></Content>
<MsgId>22563553189325795</MsgId>
</xml>2019-12-11 15:14:14<MsgType><![CDATA[text]]></MsgType>
<Content><![CDATA[海鸥]]></Content>
<MsgId>22562420869347656</MsgId>
</xml>2019-12-11 09:48:10<xml><ToUserName><![CDATA[gh_7f7aecf49bfb]]></ToUserName>
<FromUserName><![CDATA[oPA8y0xy1BFImV_wuc7rIfrdWMP8]]></FromUserName>
<CreateTime>1576028889</CreateTime>
<MsgType><![CDATA[text]]></MsgType>
<Content><![CDATA[1]]></Content>
<MsgId>22563308109192761</MsgId>
</xml>2019-12-11 15:14:27</xml>2019-12-11 09:48:10<xml><ToUserName><![CDATA[gh_7f7aecf49bfb]]></ToUserName>
<FromUserName><![CDATA[oPA8y0xy1BFImV_wuc7rIfrdWMP8]]></FromUserName>
<CreateTime>1576028889</CreateTime>
<MsgType><![CDATA[text]]></MsgType>
<Content><![CDATA[1]]></Content>
<MsgId>22563308109192761</MsgId>
</xml>2019-12-11 15:15:55<xml>
<ToUserName><![CDATA[gh_7f7aecf49bfb]]></ToUserName>
<FromUserName><![CDATA[oPA8y0xy1BFImV_wuc7rIfrdWMP8]]></FromUserName>
<CreateTime>1576028889</CreateTime>
<MsgType><![CDATA[text]]></MsgType>
<Content><![CDATA[1]]></Content>
<MsgId>22563308109192761</MsgId>
</xml>2019-12-11 15:18:13<xml><ToUserName><![CDATA[gh_7f7aecf49bfb]]></ToUserName>
<FromUserName><![CDATA[oPA8y0xy1BFImV_wuc7rIfrdWMP8]]></FromUserName>
<CreateTime>1576048645</CreateTime>
<MsgType><![CDATA[event]]></MsgType>
<Event><![CDATA[subscribe]]></Event>
<EventKey><![CDATA[]]></EventKey>
</xml>
2019-12-11 15:19:12<xml>
<ToUserName><![CDATA[gh_7f7aecf49bfb]]></ToUserName>
<FromUserName><![CDATA[oPA8y0xy1BFImV_wuc7rIfrdWMP8]]></FromUserName>
<CreateTime>1576048645</CreateTime>
<MsgType><![CDATA[event]]></MsgType>
<Event><![CDATA[subscribe]]></Event>
<EventKey><![CDATA[]]></EventKey>
</xml>
2019-12-11 15:23:04<xml>
<ToUserName><![CDATA[gh_7f7aecf49bfb]]></ToUserName>
<FromUserName><![CDATA[oPA8y0xy1BFImV_wuc7rIfrdWMP8]]></FromUserName>
<CreateTime>1576048645</CreateTime>
<MsgType><![CDATA[event]]></MsgType>
<Event><![CDATA[subscribe]]></Event>
<EventKey><![CDATA[]]></EventKey>
</xml>
2019-12-11 15:29:56<xml>
<ToUserName><![CDATA[gh_7f7aecf49bfb]]></ToUserName>
<FromUserName><![CDATA[oPA8y0xy1BFImV_wuc7rIfrdWMP8]]></FromUserName>
<CreateTime>1576048645</CreateTime>
<MsgType><![CDATA[event]]></MsgType>
<Event><![CDATA[subscribe]]></Event>
<EventKey><![CDATA[]]></EventKey>
</xml>
2019-12-11 15:30:13<xml>
<ToUserName><![CDATA[gh_7f7aecf49bfb]]></ToUserName>
<FromUserName><![CDATA[oPA8y0xy1BFImV_wuc7rIfrdWMP8]]></FromUserName>
<CreateTime>1576048645</CreateTime>
<MsgType><![CDATA[event]]></MsgType>
<Event><![CDATA[subscribe]]></Event>
<EventKey><![CDATA[]]></EventKey>
</xml>
2019-12-11 15:30:15<xml>
<ToUserName><![CDATA[gh_7f7aecf49bfb]]></ToUserName>
<FromUserName><![CDATA[oPA8y0xy1BFImV_wuc7rIfrdWMP8]]></FromUserName>
<CreateTime>1576048645</CreateTime>
<MsgType><![CDATA[event]]></MsgType>
<Event><![CDATA[subscribe]]></Event>
<EventKey><![CDATA[]]></EventKey>
</xml>
2019-12-11 15:30:18<xml>
<ToUserName><![CDATA[gh_7f7aecf49bfb]]></ToUserName>
<FromUserName><![CDATA[oPA8y0xy1BFImV_wuc7rIfrdWMP8]]></FromUserName>
<CreateTime>1576048645</CreateTime>
<MsgType><![CDATA[event]]></MsgType>
<Event><![CDATA[subscribe]]></Event>
<EventKey><![CDATA[]]></EventKey>
</xml>
2019-12-12 14:17:23<xml>
<ToUserName><![CDATA[gh_7f7aecf49bfb]]></ToUserName>
<FromUserName><![CDATA[oPA8y0xy1BFImV_wuc7rIfrdWMP8]]></FromUserName>
<CreateTime>1576048645</CreateTime>
<MsgType><![CDATA[event]]></MsgType>
<Event><![CDATA[subscribe]]></Event>
<EventKey><![CDATA[]]></EventKey>
</xml>
2019-12-12 14:18:14<xml>
<ToUserName><![CDATA[gh_7f7aecf49bfb]]></ToUserName>
<FromUserName><![CDATA[oPA8y0xy1BFImV_wuc7rIfrdWMP8]]></FromUserName>
<CreateTime>1576048645</CreateTime>
<MsgType><![CDATA[event]]></MsgType>
<Event><![CDATA[subscribe]]></Event>
<EventKey><![CDATA[]]></EventKey>
</xml>
2019-12-12 14:19:55<xml>
<ToUserName><![CDATA[gh_7f7aecf49bfb]]></ToUserName>
<FromUserName><![CDATA[oPA8y0xy1BFImV_wuc7rIfrdWMP8]]></FromUserName>
<CreateTime>1576048645</CreateTime>
<MsgType><![CDATA[event]]></MsgType>
<Event><![CDATA[subscribe]]></Event>
<EventKey><![CDATA[]]></EventKey>
</xml>
2019-12-12 14:20:18<xml>
<ToUserName><![CDATA[gh_7f7aecf49bfb]]></ToUserName>
<FromUserName><![CDATA[oPA8y0xy1BFImV_wuc7rIfrdWMP8]]></FromUserName>
<CreateTime>1576048645</CreateTime>
<MsgType><![CDATA[event]]></MsgType>
<Event><![CDATA[subscribe]]></Event>
<EventKey><![CDATA[]]></EventKey>
</xml>
2019-12-12 14:20:45<xml>
<ToUserName><![CDATA[gh_7f7aecf49bfb]]></ToUserName>
<FromUserName><![CDATA[oPA8y0xy1BFImV_wuc7rIfrdWMP8]]></FromUserName>
<CreateTime>1576048645</CreateTime>
<MsgType><![CDATA[event]]></MsgType>
<Event><![CDATA[subscribe]]></Event>
<EventKey><![CDATA[]]></EventKey>
</xml>
2019-12-12 14:20:54<xml>
<ToUserName><![CDATA[gh_7f7aecf49bfb]]></ToUserName>
<FromUserName><![CDATA[oPA8y0xy1BFImV_wuc7rIfrdWMP8]]></FromUserName>
<CreateTime>1576048645</CreateTime>
<MsgType><![CDATA[event]]></MsgType>
<Event><![CDATA[subscribe]]></Event>
<EventKey><![CDATA[]]></EventKey>
</xml>
2019-12-12 14:44:49<xml>
<ToUserName><![CDATA[gh_7f7aecf49bfb]]></ToUserName>
<FromUserName><![CDATA[oPA8y0xy1BFImV_wuc7rIfrdWMP8]]></FromUserName>
<CreateTime>1576048645</CreateTime>
<MsgType><![CDATA[event]]></MsgType>
<Event><![CDATA[subscribe]]></Event>
<EventKey><![CDATA[]]></EventKey>
</xml>
2019-12-12 14:47:34<xml>
<ToUserName><![CDATA[gh_7f7aecf49bfb]]></ToUserName>
<FromUserName><![CDATA[oPA8y0xy1BFImV_wuc7rIfrdWMP8]]></FromUserName>
<CreateTime>1576048645</CreateTime>
<MsgType><![CDATA[event]]></MsgType>
<Event><![CDATA[subscribe]]></Event>
<EventKey><![CDATA[]]></EventKey>
</xml>
2019-12-12 16:47:15>>>>>>
<xml>
<ToUserName><![CDATA[gh_7f7aecf49bfb]]></ToUserName>
<FromUserName><![CDATA[oPA8y0xy1BFImV_wuc7rIfrdWMP8]]></FromUserName>
<CreateTime>1576048645</CreateTime>
<MsgType><![CDATA[event]]></MsgType>
<Event><![CDATA[subscribe]]></Event>
<EventKey><![CDATA[]]></EventKey>
</xml>


2019-12-12 16:48:23>>>>>>
<xml>
<ToUserName><![CDATA[gh_7f7aecf49bfb]]></ToUserName>
<FromUserName><![CDATA[oPA8y0xy1BFImV_wuc7rIfrdWMP8]]></FromUserName>
<CreateTime>1576048645</CreateTime>
<MsgType><![CDATA[event]]></MsgType>
<Event><![CDATA[subscribe]]></Event>
<EventKey><![CDATA[]]></EventKey>
</xml>


2019-12-12 16:49:18>>>>>>
<xml>
<ToUserName><![CDATA[gh_7f7aecf49bfb]]></ToUserName>
<FromUserName><![CDATA[oPA8y0xy1BFImV_wuc7rIfrdWMP8]]></FromUserName>
<CreateTime>1576048645</CreateTime>
<MsgType><![CDATA[event]]></MsgType>
<Event><![CDATA[subscribe]]></Event>
<EventKey><![CDATA[]]></EventKey>
</xml>


2019-12-12 16:49:43>>>>>>
<xml>
<ToUserName><![CDATA[gh_7f7aecf49bfb]]></ToUserName>
<FromUserName><![CDATA[oPA8y0xy1BFImV_wuc7rIfrdWMP8]]></FromUserName>
<CreateTime>1576048645</CreateTime>
<MsgType><![CDATA[event]]></MsgType>
<Event><![CDATA[subscribe]]></Event>
<EventKey><![CDATA[]]></EventKey>
</xml>


2019-12-12 16:50:24>>>>>>
<xml>
<ToUserName><![CDATA[gh_7f7aecf49bfb]]></ToUserName>
<FromUserName><![CDATA[oPA8y0xy1BFImV_wuc7rIfrdWMP8]]></FromUserName>
<CreateTime>1576048645</CreateTime>
<MsgType><![CDATA[event]]></MsgType>
<Event><![CDATA[subscribe]]></Event>
<EventKey><![CDATA[]]></EventKey>
</xml>


2019-12-12 16:51:55>>>>>>
<xml>
<ToUserName><![CDATA[gh_7f7aecf49bfb]]></ToUserName>
<FromUserName><![CDATA[oPA8y0xy1BFImV_wuc7rIfrdWMP8]]></FromUserName>
<CreateTime>1576048645</CreateTime>
<MsgType><![CDATA[event]]></MsgType>
<Event><![CDATA[subscribe]]></Event>
<EventKey><![CDATA[]]></EventKey>
</xml>


2019-12-12 16:54:20>>>>>>
<xml>
<ToUserName><![CDATA[gh_7f7aecf49bfb]]></ToUserName>
<FromUserName><![CDATA[oPA8y0xy1BFImV_wuc7rIfrdWMP8]]></FromUserName>
<CreateTime>1576048645</CreateTime>
<MsgType><![CDATA[event]]></MsgType>
<Event><![CDATA[subscribe]]></Event>
<EventKey><![CDATA[]]></EventKey>
</xml>


2019-12-12 16:54:36>>>>>>
<xml>
<ToUserName><![CDATA[gh_7f7aecf49bfb]]></ToUserName>
<FromUserName><![CDATA[oPA8y0xy1BFImV_wuc7rIfrdWMP8]]></FromUserName>
<CreateTime>1576048645</CreateTime>
<MsgType><![CDATA[event]]></MsgType>
<Event><![CDATA[subscribe]]></Event>
<EventKey><![CDATA[]]></EventKey>
</xml>


2019-12-12 16:55:40>>>>>>
<xml>
<ToUserName><![CDATA[gh_7f7aecf49bfb]]></ToUserName>
<FromUserName><![CDATA[oPA8y0xy1BFImV_wuc7rIfrdWMP8]]></FromUserName>
<CreateTime>1576048645</CreateTime>
<MsgType><![CDATA[event]]></MsgType>
<Event><![CDATA[subscribe]]></Event>
<EventKey><![CDATA[]]></EventKey>
</xml>


2019-12-12 16:58:15>>>>>>
<xml>
<ToUserName><![CDATA[gh_7f7aecf49bfb]]></ToUserName>
<FromUserName><![CDATA[oPA8y0xy1BFImV_wuc7rIfrdWMP8]]></FromUserName>
<CreateTime>1576048645</CreateTime>
<MsgType><![CDATA[event]]></MsgType>
<Event><![CDATA[subscribe]]></Event>
<EventKey><![CDATA[]]></EventKey>
</xml>


2019-12-12 17:00:17>>>>>>
<xml>
<ToUserName><![CDATA[gh_7f7aecf49bfb]]></ToUserName>
<FromUserName><![CDATA[oPA8y0xy1BFImV_wuc7rIfrdWMP8]]></FromUserName>
<CreateTime>1576048645</CreateTime>
<MsgType><![CDATA[event]]></MsgType>
<Event><![CDATA[subscribe]]></Event>
<EventKey><![CDATA[]]></EventKey>
</xml>


2019-12-12 17:01:25>>>>>>
<xml>
<ToUserName><![CDATA[gh_7f7aecf49bfb]]></ToUserName>
<FromUserName><![CDATA[oPA8y0xy1BFImV_wuc7rIfrdWMP8]]></FromUserName>
<CreateTime>1576048645</CreateTime>
<MsgType><![CDATA[event]]></MsgType>
<Event><![CDATA[subscribe]]></Event>
<EventKey><![CDATA[]]></EventKey>
</xml>


2019-12-12 17:27:18>>>>>>
<xml>
<ToUserName><![CDATA[gh_7f7aecf49bfb]]></ToUserName>
<FromUserName><![CDATA[oPA8y0xy1BFImV_wuc7rIfrdWMP8]]></FromUserName>
<CreateTime>1576048645</CreateTime>
<MsgType><![CDATA[event]]></MsgType>
<Event><![CDATA[subscribe]]></Event>
<EventKey><![CDATA[]]></EventKey>
</xml>


2019-12-12 17:28:01>>>>>>
<xml>
<ToUserName><![CDATA[gh_7f7aecf49bfb]]></ToUserName>
<FromUserName><![CDATA[oPA8y0xy1BFImV_wuc7rIfrdWMP8]]></FromUserName>
<CreateTime>1576048645</CreateTime>
<MsgType><![CDATA[event]]></MsgType>
<Event><![CDATA[subscribe]]></Event>
<EventKey><![CDATA[]]></EventKey>
</xml>


2019-12-12 17:28:46>>>>>>
<xml>
<ToUserName><![CDATA[gh_7f7aecf49bfb]]></ToUserName>
<FromUserName><![CDATA[oPA8y0xy1BFImV_wuc7rIfrdWMP8]]></FromUserName>
<CreateTime>1576048645</CreateTime>
<MsgType><![CDATA[event]]></MsgType>
<Event><![CDATA[subscribe]]></Event>
<EventKey><![CDATA[]]></EventKey>
</xml>


2019-12-12 17:29:15>>>>>>
<xml>
<ToUserName><![CDATA[gh_7f7aecf49bfb]]></ToUserName>
<FromUserName><![CDATA[oPA8y0xy1BFImV_wuc7rIfrdWMP8]]></FromUserName>
<CreateTime>1576048645</CreateTime>
<MsgType><![CDATA[event]]></MsgType>
<Event><![CDATA[subscribe]]></Event>
<EventKey><![CDATA[]]></EventKey>
</xml>


2019-12-13 09:01:40>>>>>>
<xml>
<ToUserName><![CDATA[gh_7f7aecf49bfb]]></ToUserName>
<FromUserName><![CDATA[oPA8y0xy1BFImV_wuc7rIfrdWMP8]]></FromUserName>
<CreateTime>1576048645</CreateTime>
<MsgType><![CDATA[event]]></MsgType>
<Event><![CDATA[subscribe]]></Event>
<EventKey><![CDATA[]]></EventKey>
</xml>


2019-12-13 09:02:27>>>>>>
<xml>
<ToUserName><![CDATA[gh_7f7aecf49bfb]]></ToUserName>
<FromUserName><![CDATA[oPA8y0xy1BFImV_wuc7rIfrdWMP8]]></FromUserName>
<CreateTime>1576048645</CreateTime>
<MsgType><![CDATA[event]]></MsgType>
<Event><![CDATA[subscribe]]></Event>
<EventKey><![CDATA[]]></EventKey>
</xml>


2019-12-13 09:14:29>>>>>>
<xml>
<ToUserName><![CDATA[gh_7f7aecf49bfb]]></ToUserName>
<FromUserName><![CDATA[oPA8y0xy1BFImV_wuc7rIfrdWMP8]]></FromUserName>
<CreateTime>1576048645</CreateTime>
<MsgType><![CDATA[event]]></MsgType>
<Event><![CDATA[subscribe]]></Event>
<EventKey><![CDATA[]]></EventKey>
</xml>


2019-12-13 09:19:05>>>>>>
<xml>
<ToUserName><![CDATA[gh_7f7aecf49bfb]]></ToUserName>
<FromUserName><![CDATA[oPA8y0xy1BFImV_wuc7rIfrdWMP8]]></FromUserName>
<CreateTime>1576048645</CreateTime>
<MsgType><![CDATA[event]]></MsgType>
<Event><![CDATA[subscribe]]></Event>
<EventKey><![CDATA[]]></EventKey>
</xml>


2019-12-13 09:20:59>>>>>>
<xml>
<ToUserName><![CDATA[gh_7f7aecf49bfb]]></ToUserName>
<FromUserName><![CDATA[oPA8y0xy1BFImV_wuc7rIfrdWMP8]]></FromUserName>
<CreateTime>1576048645</CreateTime>
<MsgType><![CDATA[event]]></MsgType>
<Event><![CDATA[subscribe]]></Event>
<EventKey><![CDATA[]]></EventKey>
</xml>


2019-12-13 09:21:31>>>>>>
<xml>
<ToUserName><![CDATA[gh_7f7aecf49bfb]]></ToUserName>
<FromUserName><![CDATA[oPA8y0xy1BFImV_wuc7rIfrdWMP8]]></FromUserName>
<CreateTime>1576048645</CreateTime>
<MsgType><![CDATA[event]]></MsgType>
<Event><![CDATA[subscribe]]></Event>
<EventKey><![CDATA[]]></EventKey>
</xml>


2019-12-13 09:28:50>>>>>>
<xml>
<ToUserName><![CDATA[gh_7f7aecf49bfb]]></ToUserName>
<FromUserName><![CDATA[oPA8y0xy1BFImV_wuc7rIfrdWMP8]]></FromUserName>
<CreateTime>1576048645</CreateTime>
<MsgType><![CDATA[event]]></MsgType>
<Event><![CDATA[subscribe]]></Event>
<EventKey><![CDATA[]]></EventKey>
</xml>


2019-12-13 09:34:51>>>>>>
<xml>
<ToUserName><![CDATA[gh_7f7aecf49bfb]]></ToUserName>
<FromUserName><![CDATA[oPA8y0xy1BFImV_wuc7rIfrdWMP8]]></FromUserName>
<CreateTime>1576048645</CreateTime>
<MsgType><![CDATA[event]]></MsgType>
<Event><![CDATA[subscribe]]></Event>
<EventKey><![CDATA[]]></EventKey>
</xml>


2019-12-13 09:35:11>>>>>>
<xml>
<ToUserName><![CDATA[gh_7f7aecf49bfb]]></ToUserName>
<FromUserName><![CDATA[oPA8y0xy1BFImV_wuc7rIfrdWMP8]]></FromUserName>
<CreateTime>1576048645</CreateTime>
<MsgType><![CDATA[event]]></MsgType>
<Event><![CDATA[subscribe]]></Event>
<EventKey><![CDATA[]]></EventKey>
</xml>


2019-12-13 09:36:13>>>>>>
<xml>
<ToUserName><![CDATA[gh_7f7aecf49bfb]]></ToUserName>
<FromUserName><![CDATA[oPA8y0xy1BFImV_wuc7rIfrdWMP8]]></FromUserName>
<CreateTime>1576048645</CreateTime>
<MsgType><![CDATA[event]]></MsgType>
<Event><![CDATA[subscribe]]></Event>
<EventKey><![CDATA[]]></EventKey>
</xml>


2019-12-13 09:36:20>>>>>>
<xml>
<ToUserName><![CDATA[gh_7f7aecf49bfb]]></ToUserName>
<FromUserName><![CDATA[oPA8y0xy1BFImV_wuc7rIfrdWMP8]]></FromUserName>
<CreateTime>1576048645</CreateTime>
<MsgType><![CDATA[event]]></MsgType>
<Event><![CDATA[subscribe]]></Event>
<EventKey><![CDATA[]]></EventKey>
</xml>


2019-12-13 09:36:32>>>>>>
<xml>
<ToUserName><![CDATA[gh_7f7aecf49bfb]]></ToUserName>
<FromUserName><![CDATA[oPA8y0xy1BFImV_wuc7rIfrdWMP8]]></FromUserName>
<CreateTime>1576048645</CreateTime>
<MsgType><![CDATA[event]]></MsgType>
<Event><![CDATA[subscribe]]></Event>
<EventKey><![CDATA[]]></EventKey>
</xml>


2019-12-13 09:36:37>>>>>>
<xml>
<ToUserName><![CDATA[gh_7f7aecf49bfb]]></ToUserName>
<FromUserName><![CDATA[oPA8y0xy1BFImV_wuc7rIfrdWMP8]]></FromUserName>
<CreateTime>1576048645</CreateTime>
<MsgType><![CDATA[event]]></MsgType>
<Event><![CDATA[subscribe]]></Event>
<EventKey><![CDATA[]]></EventKey>
</xml>


2019-12-13 10:02:11>>>>>>
<xml>
<ToUserName><![CDATA[gh_7f7aecf49bfb]]></ToUserName>
<FromUserName><![CDATA[oPA8y0xy1BFImV_wuc7rIfrdWMP8]]></FromUserName>
<CreateTime>1576048645</CreateTime>
<MsgType><![CDATA[event]]></MsgType>
<Event><![CDATA[subscribe]]></Event>
<EventKey><![CDATA[]]></EventKey>
</xml>


2019-12-13 10:29:04>>>>>>
<xml>
<ToUserName><![CDATA[gh_7f7aecf49bfb]]></ToUserName>
<FromUserName><![CDATA[oPA8y0xy1BFImV_wuc7rIfrdWMP8]]></FromUserName>
<CreateTime>1576048645</CreateTime>
<MsgType><![CDATA[event]]></MsgType>
<Event><![CDATA[subscribe]]></Event>
<EventKey><![CDATA[]]></EventKey>
</xml>


2019-12-13 10:30:33>>>>>>
<xml>
<ToUserName><![CDATA[gh_7f7aecf49bfb]]></ToUserName>
<FromUserName><![CDATA[oPA8y0xy1BFImV_wuc7rIfrdWMP8]]></FromUserName>
<CreateTime>1576048645</CreateTime>
<MsgType><![CDATA[event]]></MsgType>
<Event><![CDATA[subscribe]]></Event>
<EventKey><![CDATA[]]></EventKey>
</xml>


2019-12-13 10:31:15>>>>>>
<xml>
<ToUserName><![CDATA[gh_7f7aecf49bfb]]></ToUserName>
<FromUserName><![CDATA[oPA8y0xy1BFImV_wuc7rIfrdWMP8]]></FromUserName>
<CreateTime>1576048645</CreateTime>
<MsgType><![CDATA[event]]></MsgType>
<Event><![CDATA[subscribe]]></Event>
<EventKey><![CDATA[]]></EventKey>
</xml>


2019-12-13 10:31:18>>>>>>
<xml>
<ToUserName><![CDATA[gh_7f7aecf49bfb]]></ToUserName>
<FromUserName><![CDATA[oPA8y0xy1BFImV_wuc7rIfrdWMP8]]></FromUserName>
<CreateTime>1576048645</CreateTime>
<MsgType><![CDATA[event]]></MsgType>
<Event><![CDATA[subscribe]]></Event>
<EventKey><![CDATA[]]></EventKey>
</xml>


2019-12-13 10:36:46>>>>>>
<xml>
<ToUserName><![CDATA[gh_7f7aecf49bfb]]></ToUserName>
<FromUserName><![CDATA[oPA8y0xy1BFImV_wuc7rIfrdWMP8]]></FromUserName>
<CreateTime>1576048645</CreateTime>
<MsgType><![CDATA[event]]></MsgType>
<Event><![CDATA[subscribe]]></Event>
<EventKey><![CDATA[]]></EventKey>
</xml>


